[debug] [2025-06-18T13:55:24.354Z] ----------------------------------------------------------------------
[debug] [2025-06-18T13:55:24.358Z] Command:       C:\Program Files\nodejs\node.exe C:\Users\TECQNIO\AppData\Roaming\npm\node_modules\firebase-tools\lib\bin\firebase.js init hosting
[debug] [2025-06-18T13:55:24.358Z] CLI Version:   14.7.0
[debug] [2025-06-18T13:55:24.358Z] Platform:      win32
[debug] [2025-06-18T13:55:24.359Z] Node Version:  v20.11.1
[debug] [2025-06-18T13:55:24.359Z] Time:          Wed Jun 18 2025 19:25:24 GMT+0530 (India Standard Time)
[debug] [2025-06-18T13:55:24.359Z] ----------------------------------------------------------------------
[debug] 
[debug] [2025-06-18T13:55:24.368Z] > command requires scopes: ["email","openid","https://www.googleapis.com/auth/cloudplatformprojects.readonly","https://www.googleapis.com/auth/firebase","https://www.googleapis.com/auth/cloud-platform"]
[debug] [2025-06-18T13:55:24.368Z] > authorizing via signed-in user (priyankajenifer24@gmail.com)
[info] 
     ######## #### ########  ######## ########     ###     ######  ########
     ##        ##  ##     ## ##       ##     ##  ##   ##  ##       ##
     ######    ##  ########  ######   ########  #########  ######  ######
     ##        ##  ##    ##  ##       ##     ## ##     ##       ## ##
     ##       #### ##     ## ######## ########  ##     ##  ######  ########

You're about to initialize a Firebase project in this directory:

  C:\Users\TECQNIO\Downloads\Archive

[debug] [2025-06-18T13:55:24.762Z] ExitPromptError: User force closed the prompt with SIGINT
    at Interface.sigint (C:\Users\TECQNIO\AppData\Roaming\npm\node_modules\firebase-tools\node_modules\@inquirer\core\dist\commonjs\lib\create-prompt.js:101:37)
    at Interface.emit (node:events:518:28)
    at Interface.emit (node:domain:488:12)
    at [_ttyWrite] [as _ttyWrite] (node:internal/readline/interface:1125:18)
    at ReadStream.onkeypress (node:internal/readline/interface:264:20)
    at ReadStream.emit (node:events:530:35)
    at ReadStream.emit (node:domain:488:12)
    at emitKeys (node:internal/readline/utils:371:14)
    at emitKeys.next (<anonymous>)
    at ReadStream.onData (node:internal/readline/emitKeypressEvents:64:36)
[error] 
[error] Error: An unexpected error has occurred.
